[2m2026-05-02T07:09:59.279044Z[0m [[32m[1minfo     [0m] [1mLoaded executor: :LocalExecutor:[0m [[0m[1m[34mairflow.executors.executor_loader[0m][0m [36mloc[0m=[35mexecutor_loader.py:376[0m
[2m2026-05-02T07:09:59.313640Z[0m [[32m[1minfo     [0m] [1mStarting log server on http://[::]:8793[0m [[0m[1m[34mairflow.utils.serve_logs.core[0m][0m [36mloc[0m=[35mcore.py:50[0m
[2m2026-05-02T07:09:59.329799Z[0m [[32m[1minfo     [0m] [1mStarting the scheduler        [0m [[0m[1m[34mairflow.jobs.scheduler_job_runner.SchedulerJobRunner[0m][0m [36mloc[0m=[35mscheduler_job_runner.py:1442[0m
[2m2026-05-02T07:09:59.342055Z[0m [[32m[1minfo     [0m] [1mWorker starting up pid=14431  [0m [[0m[1m[34mairflow.executors.local_executor.LocalExecutor[0m][0m [36mloc[0m=[35mlocal_executor.py:80[0m
[2m2026-05-02T07:09:59.346557Z[0m [[32m[1minfo     [0m] [1mWorker starting up pid=14432  [0m [[0m[1m[34mairflow.executors.local_executor.LocalExecutor[0m][0m [36mloc[0m=[35mlocal_executor.py:80[0m
[2m2026-05-02T07:09:59.350789Z[0m [[32m[1minfo     [0m] [1mWorker starting up pid=14433  [0m [[0m[1m[34mairflow.executors.local_executor.LocalExecutor[0m][0m [36mloc[0m=[35mlocal_executor.py:80[0m
[2m2026-05-02T07:09:59.354014Z[0m [[32m[1minfo     [0m] [1mWorker starting up pid=14434  [0m [[0m[1m[34mairflow.executors.local_executor.LocalExecutor[0m][0m [36mloc[0m=[35mlocal_executor.py:80[0m
[2m2026-05-02T07:09:59.359738Z[0m [[32m[1minfo     [0m] [1mWorker starting up pid=14435  [0m [[0m[1m[34mairflow.executors.local_executor.LocalExecutor[0m][0m [36mloc[0m=[35mlocal_executor.py:80[0m
[2m2026-05-02T07:09:59.364317Z[0m [[32m[1minfo     [0m] [1mWorker starting up pid=14436  [0m [[0m[1m[34mairflow.executors.local_executor.LocalExecutor[0m][0m [36mloc[0m=[35mlocal_executor.py:80[0m
[2m2026-05-02T07:09:59.368149Z[0m [[32m[1minfo     [0m] [1mWorker starting up pid=14437  [0m [[0m[1m[34mairflow.executors.local_executor.LocalExecutor[0m][0m [36mloc[0m=[35mlocal_executor.py:80[0m
[2m2026-05-02T07:09:59.372419Z[0m [[32m[1minfo     [0m] [1mWorker starting up pid=14438  [0m [[0m[1m[34mairflow.executors.local_executor.LocalExecutor[0m][0m [36mloc[0m=[35mlocal_executor.py:80[0m
[2m2026-05-02T07:09:59.374123Z[0m [[33m[1mwarning  [0m] [1mASGI app factory detected. Using it, but please consider setting the --factory flag explicitly.[0m [[0m[1m[34muvicorn.error[0m][0m [36mloc[0m=[35mconfig.py:462[0m
[2m2026-05-02T07:09:59.375700Z[0m [[32m[1minfo     [0m] [1mStarted server process [14421][0m [[0m[1m[34muvicorn.error[0m][0m [36mloc[0m=[35mserver.py:92[0m
[2m2026-05-02T07:09:59.376034Z[0m [[32m[1minfo     [0m] [1mWaiting for application startup.[0m [[0m[1m[34muvicorn.error[0m][0m [36mloc[0m=[35mon.py:48[0m
[2m2026-05-02T07:09:59.376688Z[0m [[32m[1minfo     [0m] [1mApplication startup complete. [0m [[0m[1m[34muvicorn.error[0m][0m [36mloc[0m=[35mon.py:62[0m
[2m2026-05-02T07:09:59.377747Z[0m [[31m[1merror    [0m] [1m[Errno 98] error while attempting to bind on address ('0.0.0.0', 8793): address already in use[0m [[0m[1m[34muvicorn.error[0m][0m [36mloc[0m=[35mserver.py:180[0m
[2m2026-05-02T07:09:59.377937Z[0m [[32m[1minfo     [0m] [1mWaiting for application shutdown.[0m [[0m[1m[34muvicorn.error[0m][0m [36mloc[0m=[35mon.py:67[0m
[2m2026-05-02T07:09:59.378170Z[0m [[32m[1minfo     [0m] [1mApplication shutdown complete.[0m [[0m[1m[34muvicorn.error[0m][0m [36mloc[0m=[35mon.py:76[0m
[2m2026-05-02T07:09:59.377980Z[0m [[32m[1minfo     [0m] [1mWorker starting up pid=14439  [0m [[0m[1m[34mairflow.executors.local_executor.LocalExecutor[0m][0m [36mloc[0m=[35mlocal_executor.py:80[0m
[2m2026-05-02T07:09:59.382387Z[0m [[32m[1minfo     [0m] [1mWorker starting up pid=14444  [0m [[0m[1m[34mairflow.executors.local_executor.LocalExecutor[0m][0m [36mloc[0m=[35mlocal_executor.py:80[0m
[2m2026-05-02T07:09:59.386284Z[0m [[32m[1minfo     [0m] [1mWorker starting up pid=14445  [0m [[0m[1m[34mairflow.executors.local_executor.LocalExecutor[0m][0m [36mloc[0m=[35mlocal_executor.py:80[0m
[2m2026-05-02T07:09:59.389539Z[0m [[32m[1minfo     [0m] [1mWorker starting up pid=14446  [0m [[0m[1m[34mairflow.executors.local_executor.LocalExecutor[0m][0m [36mloc[0m=[35mlocal_executor.py:80[0m
[2m2026-05-02T07:09:59.393615Z[0m [[32m[1minfo     [0m] [1mWorker starting up pid=14447  [0m [[0m[1m[34mairflow.executors.local_executor.LocalExecutor[0m][0m [36mloc[0m=[35mlocal_executor.py:80[0m
[2m2026-05-02T07:09:59.397604Z[0m [[32m[1minfo     [0m] [1mWorker starting up pid=14448  [0m [[0m[1m[34mairflow.executors.local_executor.LocalExecutor[0m][0m [36mloc[0m=[35mlocal_executor.py:80[0m
[2m2026-05-02T07:09:59.401307Z[0m [[32m[1minfo     [0m] [1mWorker starting up pid=14449  [0m [[0m[1m[34mairflow.executors.local_executor.LocalExecutor[0m][0m [36mloc[0m=[35mlocal_executor.py:80[0m
[2m2026-05-02T07:09:59.405143Z[0m [[32m[1minfo     [0m] [1mWorker starting up pid=14450  [0m [[0m[1m[34mairflow.executors.local_executor.LocalExecutor[0m][0m [36mloc[0m=[35mlocal_executor.py:80[0m
[2m2026-05-02T07:09:59.409129Z[0m [[32m[1minfo     [0m] [1mWorker starting up pid=14451  [0m [[0m[1m[34mairflow.executors.local_executor.LocalExecutor[0m][0m [36mloc[0m=[35mlocal_executor.py:80[0m
[2m2026-05-02T07:09:59.413619Z[0m [[32m[1minfo     [0m] [1mWorker starting up pid=14452  [0m [[0m[1m[34mairflow.executors.local_executor.LocalExecutor[0m][0m [36mloc[0m=[35mlocal_executor.py:80[0m
[2m2026-05-02T07:09:59.417005Z[0m [[32m[1minfo     [0m] [1mWorker starting up pid=14453  [0m [[0m[1m[34mairflow.executors.local_executor.LocalExecutor[0m][0m [36mloc[0m=[35mlocal_executor.py:80[0m
[2m2026-05-02T07:09:59.421068Z[0m [[32m[1minfo     [0m] [1mWorker starting up pid=14454  [0m [[0m[1m[34mairflow.executors.local_executor.LocalExecutor[0m][0m [36mloc[0m=[35mlocal_executor.py:80[0m
[2m2026-05-02T07:09:59.424674Z[0m [[32m[1minfo     [0m] [1mWorker starting up pid=14455  [0m [[0m[1m[34mairflow.executors.local_executor.LocalExecutor[0m][0m [36mloc[0m=[35mlocal_executor.py:80[0m
[2m2026-05-02T07:09:59.429200Z[0m [[32m[1minfo     [0m] [1mWorker starting up pid=14456  [0m [[0m[1m[34mairflow.executors.local_executor.LocalExecutor[0m][0m [36mloc[0m=[35mlocal_executor.py:80[0m
[2m2026-05-02T07:09:59.432167Z[0m [[32m[1minfo     [0m] [1mWorker starting up pid=14457  [0m [[0m[1m[34mairflow.executors.local_executor.LocalExecutor[0m][0m [36mloc[0m=[35mlocal_executor.py:80[0m
[2m2026-05-02T07:09:59.435610Z[0m [[32m[1minfo     [0m] [1mWorker starting up pid=14458  [0m [[0m[1m[34mairflow.executors.local_executor.LocalExecutor[0m][0m [36mloc[0m=[35mlocal_executor.py:80[0m
[2m2026-05-02T07:09:59.439402Z[0m [[32m[1minfo     [0m] [1mWorker starting up pid=14459  [0m [[0m[1m[34mairflow.executors.local_executor.LocalExecutor[0m][0m [36mloc[0m=[35mlocal_executor.py:80[0m
[2m2026-05-02T07:09:59.443532Z[0m [[32m[1minfo     [0m] [1mWorker starting up pid=14460  [0m [[0m[1m[34mairflow.executors.local_executor.LocalExecutor[0m][0m [36mloc[0m=[35mlocal_executor.py:80[0m
[2m2026-05-02T07:09:59.447514Z[0m [[32m[1minfo     [0m] [1mWorker starting up pid=14461  [0m [[0m[1m[34mairflow.executors.local_executor.LocalExecutor[0m][0m [36mloc[0m=[35mlocal_executor.py:80[0m
[2m2026-05-02T07:09:59.450581Z[0m [[32m[1minfo     [0m] [1mWorker starting up pid=14462  [0m [[0m[1m[34mairflow.executors.local_executor.LocalExecutor[0m][0m [36mloc[0m=[35mlocal_executor.py:80[0m
[2m2026-05-02T07:09:59.454432Z[0m [[32m[1minfo     [0m] [1mWorker starting up pid=14463  [0m [[0m[1m[34mairflow.executors.local_executor.LocalExecutor[0m][0m [36mloc[0m=[35mlocal_executor.py:80[0m
[2m2026-05-02T07:09:59.458003Z[0m [[32m[1minfo     [0m] [1mWorker starting up pid=14464  [0m [[0m[1m[34mairflow.executors.local_executor.LocalExecutor[0m][0m [36mloc[0m=[35mlocal_executor.py:80[0m
[2m2026-05-02T07:09:59.462667Z[0m [[32m[1minfo     [0m] [1mWorker starting up pid=14465  [0m [[0m[1m[34mairflow.executors.local_executor.LocalExecutor[0m][0m [36mloc[0m=[35mlocal_executor.py:80[0m
[2m2026-05-02T07:09:59.464411Z[0m [[32m[1minfo     [0m] [1mAdopting or resetting orphaned tasks for active dag runs[0m [[0m[1m[34mairflow.jobs.scheduler_job_runner.SchedulerJobRunner[0m][0m [36mloc[0m=[35mscheduler_job_runner.py:2715[0m
[2m2026-05-02T07:09:59.465881Z[0m [[32m[1minfo     [0m] [1mWorker starting up pid=14466  [0m [[0m[1m[34mairflow.executors.local_executor.LocalExecutor[0m][0m [36mloc[0m=[35mlocal_executor.py:80[0m
